/Library/Developer/CommandLineTools/usr/bin/python3: can't open file 'post.py': [Errno 1] Operation not permitted
/Users/watanaberyouichi/Library/Python/3.9/lib/python/site-packages/urllib3/__init__.py:35: NotOpenSSLWarning: urllib3 v2 only supports OpenSSL 1.1.1+, currently the 'ssl' module is compiled with 'LibreSSL 2.8.3'. See: https://github.com/urllib3/urllib3/issues/3020
  warnings.warn(
Cloudinary URL: https://res.cloudinary.com/dw6iu8dn9/image/upload/v1776470476/vs8vu4zhkoxhm7dswo2o.jpg
Posted: 18582021508043334
/Users/watanaberyouichi/Library/Python/3.9/lib/python/site-packages/urllib3/__init__.py:35: NotOpenSSLWarning: urllib3 v2 only supports OpenSSL 1.1.1+, currently the 'ssl' module is compiled with 'LibreSSL 2.8.3'. See: https://github.com/urllib3/urllib3/issues/3020
  warnings.warn(
Cloudinary URL: https://res.cloudinary.com/dw6iu8dn9/image/upload/v1776729608/n90w2m9vqb2hj5ymdny7.jpg
Posted: 17931292602071761
/Users/watanaberyouichi/Library/Python/3.9/lib/python/site-packages/urllib3/__init__.py:35: NotOpenSSLWarning: urllib3 v2 only supports OpenSSL 1.1.1+, currently the 'ssl' module is compiled with 'LibreSSL 2.8.3'. See: https://github.com/urllib3/urllib3/issues/3020
  warnings.warn(
Traceback (most recent call last):
  File "/Users/watanaberyouichi/Documents/ryo-sns-auto/scripts/post.py", line 85, in <module>
    main()
  File "/Users/watanaberyouichi/Documents/ryo-sns-auto/scripts/post.py", line 78, in main
    url = upload(img)
  File "/Users/watanaberyouichi/Documents/ryo-sns-auto/scripts/post.py", line 59, in upload
    r2.raise_for_status()
  File "/Users/watanaberyouichi/Library/Python/3.9/lib/python/site-packages/requests/models.py", line 1026, in raise_for_status
    raise HTTPError(http_error_msg, response=self)
requests.exceptions.HTTPError: 401 Client Error: Unauthorized for url: https://api.github.com/repos/ryoichi0901/sns-images/contents/post_20260422.jpg
